<?xml version="1.0" encoding="UTF-8" ?>
<testsuite failures="0" time="0.003" errors="0" skipped="0" tests="0" name="de.ifgi.lod4wfs.tests.Test">
  <properties>
    <property name="java.runtime.name" value="OpenJDK Runtime Environment"/>
    <property name="sun.boot.library.path" value="/usr/lib/jvm/java-7-openjdk-amd64/jre/lib/amd64"/>
    <property name="java.vm.version" value="23.7-b01"/>
    <property name="java.vm.vendor" value="Oracle Corporation"/>
    <property name="java.vendor.url" value="http://java.oracle.com/"/>
    <property name="path.separator" value=":"/>
    <property name="java.vm.name" value="OpenJDK 64-Bit Server VM"/>
    <property name="file.encoding.pkg" value="sun.io"/>
    <property name="user.country" value="US"/>
    <property name="sun.java.launcher" value="SUN_STANDARD"/>
    <property name="sun.os.patch.level" value="unknown"/>
    <property name="java.vm.specification.name" value="Java Virtual Machine Specification"/>
    <property name="user.dir" value="/home/jones/git/lod4wfs/lod4wfs"/>
    <property name="java.runtime.version" value="1.7.0_25-b30"/>
    <property name="java.awt.graphicsenv" value="sun.awt.X11GraphicsEnvironment"/>
    <property name="basedir" value="/home/jones/git/lod4wfs/lod4wfs"/>
    <property name="java.endorsed.dirs" value="/usr/lib/jvm/java-7-openjdk-amd64/jre/lib/endorsed"/>
    <property name="os.arch" value="amd64"/>
    <property name="surefire.real.class.path" value="/home/jones/git/lod4wfs/lod4wfs/target/surefire/surefirebooter4677783284221762809.jar"/>
    <property name="java.io.tmpdir" value="/tmp"/>
    <property name="line.separator" value="
"/>
    <property name="java.vm.specification.vendor" value="Oracle Corporation"/>
    <property name="os.name" value="Linux"/>
    <property name="sun.jnu.encoding" value="UTF-8"/>
    <property name="java.library.path" value="/usr/java/packages/lib/amd64:/usr/lib/x86_64-linux-gnu/jni:/lib/x86_64-linux-gnu:/usr/lib/x86_64-linux-gnu:/usr/lib/jni:/lib:/usr/lib"/>
    <property name="surefire.test.class.path" value="/home/jones/git/lod4wfs/lod4wfs/target/test-classes:/home/jones/git/lod4wfs/lod4wfs/target/classes:/home/jones/.m2/repository/org/apache/jena/jena-tdb/0.10.0/jena-tdb-0.10.0.jar:/home/jones/.m2/repository/org/apache/jena/jena-arq/2.10.0/jena-arq-2.10.0.jar:/home/jones/.m2/repository/org/apache/httpcomponents/httpclient/4.2.3/httpclient-4.2.3.jar:/home/jones/.m2/repository/org/apache/httpcomponents/httpcore/4.2.2/httpcore-4.2.2.jar:/home/jones/.m2/repository/commons-codec/commons-codec/1.6/commons-codec-1.6.jar:/home/jones/.m2/repository/org/slf4j/jcl-over-slf4j/1.6.4/jcl-over-slf4j-1.6.4.jar:/home/jones/.m2/repository/org/apache/jena/jena-core/2.10.0/jena-core-2.10.0.jar:/home/jones/.m2/repository/org/apache/jena/jena-iri/0.9.5/jena-iri-0.9.5.jar:/home/jones/.m2/repository/xerces/xercesImpl/2.10.0/xercesImpl-2.10.0.jar:/home/jones/.m2/repository/xml-apis/xml-apis/1.4.01/xml-apis-1.4.01.jar:/home/jones/.m2/repository/org/slf4j/slf4j-api/1.6.4/slf4j-api-1.6.4.jar:/home/jones/.m2/repository/org/slf4j/slf4j-log4j12/1.6.4/slf4j-log4j12-1.6.4.jar:/home/jones/.m2/repository/log4j/log4j/1.2.16/log4j-1.2.16.jar:/home/jones/.m2/repository/org/mortbay/jetty/jetty-maven-plugin/8.1.10.v20130312/jetty-maven-plugin-8.1.10.v20130312.jar:/home/jones/.m2/repository/org/eclipse/jetty/jetty-util/8.1.10.v20130312/jetty-util-8.1.10.v20130312.jar:/home/jones/.m2/repository/org/eclipse/jetty/jetty-webapp/8.1.10.v20130312/jetty-webapp-8.1.10.v20130312.jar:/home/jones/.m2/repository/org/eclipse/jetty/jetty-xml/8.1.10.v20130312/jetty-xml-8.1.10.v20130312.jar:/home/jones/.m2/repository/org/eclipse/jetty/jetty-servlet/8.1.10.v20130312/jetty-servlet-8.1.10.v20130312.jar:/home/jones/.m2/repository/org/eclipse/jetty/jetty-security/8.1.10.v20130312/jetty-security-8.1.10.v20130312.jar:/home/jones/.m2/repository/org/apache/maven/maven-plugin-api/3.0.3/maven-plugin-api-3.0.3.jar:/home/jones/.m2/repository/org/apache/maven/maven-model/3.0.3/maven-model-3.0.3.jar:/home/jones/.m2/repository/org/sonatype/sisu/sisu-inject-plexus/2.1.1/sisu-inject-plexus-2.1.1.jar:/home/jones/.m2/repository/org/sonatype/sisu/sisu-inject-bean/2.1.1/sisu-inject-bean-2.1.1.jar:/home/jones/.m2/repository/org/sonatype/sisu/sisu-guice/2.9.4/sisu-guice-2.9.4-no_aop.jar:/home/jones/.m2/repository/org/apache/maven/maven-artifact/3.0.3/maven-artifact-3.0.3.jar:/home/jones/.m2/repository/org/codehaus/plexus/plexus-utils/2.0.6/plexus-utils-2.0.6.jar:/home/jones/.m2/repository/org/apache/maven/maven-core/3.0.3/maven-core-3.0.3.jar:/home/jones/.m2/repository/org/apache/maven/maven-settings/3.0.3/maven-settings-3.0.3.jar:/home/jones/.m2/repository/org/apache/maven/maven-settings-builder/3.0.3/maven-settings-builder-3.0.3.jar:/home/jones/.m2/repository/org/apache/maven/maven-repository-metadata/3.0.3/maven-repository-metadata-3.0.3.jar:/home/jones/.m2/repository/org/apache/maven/maven-model-builder/3.0.3/maven-model-builder-3.0.3.jar:/home/jones/.m2/repository/org/apache/maven/maven-aether-provider/3.0.3/maven-aether-provider-3.0.3.jar:/home/jones/.m2/repository/org/sonatype/aether/aether-spi/1.11/aether-spi-1.11.jar:/home/jones/.m2/repository/org/sonatype/aether/aether-impl/1.11/aether-impl-1.11.jar:/home/jones/.m2/repository/org/sonatype/aether/aether-api/1.11/aether-api-1.11.jar:/home/jones/.m2/repository/org/sonatype/aether/aether-util/1.11/aether-util-1.11.jar:/home/jones/.m2/repository/org/codehaus/plexus/plexus-interpolation/1.14/plexus-interpolation-1.14.jar:/home/jones/.m2/repository/org/codehaus/plexus/plexus-classworlds/2.4/plexus-classworlds-2.4.jar:/home/jones/.m2/repository/org/codehaus/plexus/plexus-component-annotations/1.5.5/plexus-component-annotations-1.5.5.jar:/home/jones/.m2/repository/org/sonatype/plexus/plexus-sec-dispatcher/1.3/plexus-sec-dispatcher-1.3.jar:/home/jones/.m2/repository/org/sonatype/plexus/plexus-cipher/1.4/plexus-cipher-1.4.jar:/home/jones/.m2/repository/org/apache/maven/plugin-tools/maven-plugin-tools-api/2.9/maven-plugin-tools-api-2.9.jar:/home/jones/.m2/repository/org/apache/maven/maven-project/2.0.6/maven-project-2.0.6.jar:/home/jones/.m2/repository/org/apache/maven/maven-profile/2.0.6/maven-profile-2.0.6.jar:/home/jones/.m2/repository/org/apache/maven/maven-artifact-manager/2.0.6/maven-artifact-manager-2.0.6.jar:/home/jones/.m2/repository/org/apache/maven/wagon/wagon-provider-api/1.0-beta-2/wagon-provider-api-1.0-beta-2.jar:/home/jones/.m2/repository/org/apache/maven/maven-plugin-registry/2.0.6/maven-plugin-registry-2.0.6.jar:/home/jones/.m2/repository/org/apache/maven/reporting/maven-reporting-api/2.0.6/maven-reporting-api-2.0.6.jar:/home/jones/.m2/repository/org/apache/maven/doxia/doxia-sink-api/1.0-alpha-7/doxia-sink-api-1.0-alpha-7.jar:/home/jones/.m2/repository/org/apache/maven/maven-plugin-descriptor/2.0.6/maven-plugin-descriptor-2.0.6.jar:/home/jones/.m2/repository/org/codehaus/plexus/plexus-container-default/1.0-alpha-9-stable-1/plexus-container-default-1.0-alpha-9-stable-1.jar:/home/jones/.m2/repository/classworlds/classworlds/1.1-alpha-2/classworlds-1.1-alpha-2.jar:/home/jones/.m2/repository/net/sf/jtidy/jtidy/r938/jtidy-r938.jar:/home/jones/.m2/repository/org/eclipse/jetty/jetty-plus/8.1.10.v20130312/jetty-plus-8.1.10.v20130312.jar:/home/jones/.m2/repository/org/eclipse/jetty/orbit/javax.transaction/1.1.1.v201105210645/javax.transaction-1.1.1.v201105210645.jar:/home/jones/.m2/repository/org/eclipse/jetty/jetty-jndi/8.1.10.v20130312/jetty-jndi-8.1.10.v20130312.jar:/home/jones/.m2/repository/org/eclipse/jetty/jetty-server/8.1.10.v20130312/jetty-server-8.1.10.v20130312.jar:/home/jones/.m2/repository/org/eclipse/jetty/orbit/javax.servlet/3.0.0.v201112011016/javax.servlet-3.0.0.v201112011016.jar:/home/jones/.m2/repository/org/eclipse/jetty/jetty-continuation/8.1.10.v20130312/jetty-continuation-8.1.10.v20130312.jar:/home/jones/.m2/repository/org/eclipse/jetty/orbit/javax.mail.glassfish/1.4.1.v201005082020/javax.mail.glassfish-1.4.1.v201005082020.jar:/home/jones/.m2/repository/org/eclipse/jetty/orbit/javax.activation/1.1.0.v201105071233/javax.activation-1.1.0.v201105071233.jar:/home/jones/.m2/repository/org/eclipse/jetty/jetty-jmx/8.1.10.v20130312/jetty-jmx-8.1.10.v20130312.jar:/home/jones/.m2/repository/org/eclipse/jetty/jetty-annotations/8.1.10.v20130312/jetty-annotations-8.1.10.v20130312.jar:/home/jones/.m2/repository/org/eclipse/jetty/orbit/javax.annotation/1.1.0.v201108011116/javax.annotation-1.1.0.v201108011116.jar:/home/jones/.m2/repository/org/eclipse/jetty/orbit/org.objectweb.asm/3.1.0.v200803061910/org.objectweb.asm-3.1.0.v200803061910.jar:/home/jones/.m2/repository/org/eclipse/jetty/jetty-websocket/8.1.10.v20130312/jetty-websocket-8.1.10.v20130312.jar:/home/jones/.m2/repository/org/eclipse/jetty/jetty-io/8.1.10.v20130312/jetty-io-8.1.10.v20130312.jar:/home/jones/.m2/repository/org/eclipse/jetty/jetty-http/8.1.10.v20130312/jetty-http-8.1.10.v20130312.jar:/home/jones/.m2/repository/org/eclipse/jetty/jetty-jsp/8.1.10.v20130312/jetty-jsp-8.1.10.v20130312.jar:/home/jones/.m2/repository/org/eclipse/jetty/orbit/javax.servlet.jsp/2.2.0.v201112011158/javax.servlet.jsp-2.2.0.v201112011158.jar:/home/jones/.m2/repository/org/eclipse/jetty/orbit/org.apache.jasper.glassfish/2.2.2.v201112011158/org.apache.jasper.glassfish-2.2.2.v201112011158.jar:/home/jones/.m2/repository/org/eclipse/jetty/orbit/javax.servlet.jsp.jstl/1.2.0.v201105211821/javax.servlet.jsp.jstl-1.2.0.v201105211821.jar:/home/jones/.m2/repository/org/eclipse/jetty/orbit/org.apache.taglibs.standard.glassfish/1.2.0.v201112081803/org.apache.taglibs.standard.glassfish-1.2.0.v201112081803.jar:/home/jones/.m2/repository/org/eclipse/jetty/orbit/javax.el/2.2.0.v201108011116/javax.el-2.2.0.v201108011116.jar:/home/jones/.m2/repository/org/eclipse/jetty/orbit/com.sun.el/2.2.0.v201108011116/com.sun.el-2.2.0.v201108011116.jar:/home/jones/.m2/repository/org/eclipse/jetty/orbit/org.eclipse.jdt.core/3.7.1/org.eclipse.jdt.core-3.7.1.jar:/home/jones/.m2/repository/junit/junit/3.8.1/junit-3.8.1.jar:/home/jones/.m2/repository/org/geotools/gt-shapefile/2.7-M2/gt-shapefile-2.7-M2.jar:/home/jones/.m2/repository/org/geotools/gt-main/2.7-M2/gt-main-2.7-M2.jar:/home/jones/.m2/repository/org/geotools/gt-api/2.7-M2/gt-api-2.7-M2.jar:/home/jones/.m2/repository/com/vividsolutions/jts/1.11/jts-1.11.jar:/home/jones/.m2/repository/org/geotools/gt-referencing/2.7-M2/gt-referencing-2.7-M2.jar:/home/jones/.m2/repository/java3d/vecmath/1.3.2/vecmath-1.3.2.jar:/home/jones/.m2/repository/commons-pool/commons-pool/1.5.4/commons-pool-1.5.4.jar:/home/jones/.m2/repository/org/geotools/gt-metadata/2.7-M2/gt-metadata-2.7-M2.jar:/home/jones/.m2/repository/org/opengis/geoapi/2.3-M1/geoapi-2.3-M1.jar:/home/jones/.m2/repository/org/opengis/geoapi-pending/2.3-M1/geoapi-pending-2.3-M1.jar:/home/jones/.m2/repository/net/java/dev/jsr-275/jsr-275/1.0-beta-2/jsr-275-1.0-beta-2.jar:/home/jones/.m2/repository/jdom/jdom/1.0/jdom-1.0.jar:/home/jones/.m2/repository/org/geotools/gt-swing/2.7-M2/gt-swing-2.7-M2.jar:/home/jones/.m2/repository/org/geotools/gt-render/2.7-M2/gt-render-2.7-M2.jar:/home/jones/.m2/repository/org/geotools/gt-coverage/2.7-M2/gt-coverage-2.7-M2.jar:/home/jones/.m2/repository/it/geosolutions/imageio-ext/imageio-ext-tiff/1.0.6-1/imageio-ext-tiff-1.0.6-1.jar:/home/jones/.m2/repository/it/geosolutions/imageio-ext/imageio-ext-utilities/1.0.6-1/imageio-ext-utilities-1.0.6-1.jar:/home/jones/.m2/repository/javax/media/jai_core/1.1.3/jai_core-1.1.3.jar:/home/jones/.m2/repository/javax/media/jai_codec/1.1.3/jai_codec-1.1.3.jar:/home/jones/.m2/repository/javax/media/jai_imageio/1.1/jai_imageio-1.1.jar:/home/jones/.m2/repository/org/geotools/gt-cql/2.7-M2/gt-cql-2.7-M2.jar:/home/jones/.m2/repository/org/geotools/gt-wms/2.7-M2/gt-wms-2.7-M2.jar:/home/jones/.m2/repository/org/geotools/gt-xml/2.7-M2/gt-xml-2.7-M2.jar:/home/jones/.m2/repository/com/miglayout/miglayout/3.7/miglayout-3.7-swing.jar:/home/jones/.m2/repository/org/ini4j/ini4j/0.5.1/ini4j-0.5.1.jar:"/>
    <property name="java.specification.name" value="Java Platform API Specification"/>
    <property name="java.class.version" value="51.0"/>
    <property name="sun.management.compiler" value="HotSpot 64-Bit Tiered Compilers"/>
    <property name="os.version" value="3.11.0-12-generic"/>
    <property name="user.home" value="/home/jones"/>
    <property name="user.timezone" value=""/>
    <property name="java.awt.printerjob" value="sun.print.PSPrinterJob"/>
    <property name="file.encoding" value="UTF-8"/>
    <property name="java.specification.version" value="1.7"/>
    <property name="user.name" value="jones"/>
    <property name="java.class.path" value="/home/jones/git/lod4wfs/lod4wfs/target/test-classes:/home/jones/git/lod4wfs/lod4wfs/target/classes:/home/jones/.m2/repository/org/apache/jena/jena-tdb/0.10.0/jena-tdb-0.10.0.jar:/home/jones/.m2/repository/org/apache/jena/jena-arq/2.10.0/jena-arq-2.10.0.jar:/home/jones/.m2/repository/org/apache/httpcomponents/httpclient/4.2.3/httpclient-4.2.3.jar:/home/jones/.m2/repository/org/apache/httpcomponents/httpcore/4.2.2/httpcore-4.2.2.jar:/home/jones/.m2/repository/commons-codec/commons-codec/1.6/commons-codec-1.6.jar:/home/jones/.m2/repository/org/slf4j/jcl-over-slf4j/1.6.4/jcl-over-slf4j-1.6.4.jar:/home/jones/.m2/repository/org/apache/jena/jena-core/2.10.0/jena-core-2.10.0.jar:/home/jones/.m2/repository/org/apache/jena/jena-iri/0.9.5/jena-iri-0.9.5.jar:/home/jones/.m2/repository/xerces/xercesImpl/2.10.0/xercesImpl-2.10.0.jar:/home/jones/.m2/repository/xml-apis/xml-apis/1.4.01/xml-apis-1.4.01.jar:/home/jones/.m2/repository/org/slf4j/slf4j-api/1.6.4/slf4j-api-1.6.4.jar:/home/jones/.m2/repository/org/slf4j/slf4j-log4j12/1.6.4/slf4j-log4j12-1.6.4.jar:/home/jones/.m2/repository/log4j/log4j/1.2.16/log4j-1.2.16.jar:/home/jones/.m2/repository/org/mortbay/jetty/jetty-maven-plugin/8.1.10.v20130312/jetty-maven-plugin-8.1.10.v20130312.jar:/home/jones/.m2/repository/org/eclipse/jetty/jetty-util/8.1.10.v20130312/jetty-util-8.1.10.v20130312.jar:/home/jones/.m2/repository/org/eclipse/jetty/jetty-webapp/8.1.10.v20130312/jetty-webapp-8.1.10.v20130312.jar:/home/jones/.m2/repository/org/eclipse/jetty/jetty-xml/8.1.10.v20130312/jetty-xml-8.1.10.v20130312.jar:/home/jones/.m2/repository/org/eclipse/jetty/jetty-servlet/8.1.10.v20130312/jetty-servlet-8.1.10.v20130312.jar:/home/jones/.m2/repository/org/eclipse/jetty/jetty-security/8.1.10.v20130312/jetty-security-8.1.10.v20130312.jar:/home/jones/.m2/repository/org/apache/maven/maven-plugin-api/3.0.3/maven-plugin-api-3.0.3.jar:/home/jones/.m2/repository/org/apache/maven/maven-model/3.0.3/maven-model-3.0.3.jar:/home/jones/.m2/repository/org/sonatype/sisu/sisu-inject-plexus/2.1.1/sisu-inject-plexus-2.1.1.jar:/home/jones/.m2/repository/org/sonatype/sisu/sisu-inject-bean/2.1.1/sisu-inject-bean-2.1.1.jar:/home/jones/.m2/repository/org/sonatype/sisu/sisu-guice/2.9.4/sisu-guice-2.9.4-no_aop.jar:/home/jones/.m2/repository/org/apache/maven/maven-artifact/3.0.3/maven-artifact-3.0.3.jar:/home/jones/.m2/repository/org/codehaus/plexus/plexus-utils/2.0.6/plexus-utils-2.0.6.jar:/home/jones/.m2/repository/org/apache/maven/maven-core/3.0.3/maven-core-3.0.3.jar:/home/jones/.m2/repository/org/apache/maven/maven-settings/3.0.3/maven-settings-3.0.3.jar:/home/jones/.m2/repository/org/apache/maven/maven-settings-builder/3.0.3/maven-settings-builder-3.0.3.jar:/home/jones/.m2/repository/org/apache/maven/maven-repository-metadata/3.0.3/maven-repository-metadata-3.0.3.jar:/home/jones/.m2/repository/org/apache/maven/maven-model-builder/3.0.3/maven-model-builder-3.0.3.jar:/home/jones/.m2/repository/org/apache/maven/maven-aether-provider/3.0.3/maven-aether-provider-3.0.3.jar:/home/jones/.m2/repository/org/sonatype/aether/aether-spi/1.11/aether-spi-1.11.jar:/home/jones/.m2/repository/org/sonatype/aether/aether-impl/1.11/aether-impl-1.11.jar:/home/jones/.m2/repository/org/sonatype/aether/aether-api/1.11/aether-api-1.11.jar:/home/jones/.m2/repository/org/sonatype/aether/aether-util/1.11/aether-util-1.11.jar:/home/jones/.m2/repository/org/codehaus/plexus/plexus-interpolation/1.14/plexus-interpolation-1.14.jar:/home/jones/.m2/repository/org/codehaus/plexus/plexus-classworlds/2.4/plexus-classworlds-2.4.jar:/home/jones/.m2/repository/org/codehaus/plexus/plexus-component-annotations/1.5.5/plexus-component-annotations-1.5.5.jar:/home/jones/.m2/repository/org/sonatype/plexus/plexus-sec-dispatcher/1.3/plexus-sec-dispatcher-1.3.jar:/home/jones/.m2/repository/org/sonatype/plexus/plexus-cipher/1.4/plexus-cipher-1.4.jar:/home/jones/.m2/repository/org/apache/maven/plugin-tools/maven-plugin-tools-api/2.9/maven-plugin-tools-api-2.9.jar:/home/jones/.m2/repository/org/apache/maven/maven-project/2.0.6/maven-project-2.0.6.jar:/home/jones/.m2/repository/org/apache/maven/maven-profile/2.0.6/maven-profile-2.0.6.jar:/home/jones/.m2/repository/org/apache/maven/maven-artifact-manager/2.0.6/maven-artifact-manager-2.0.6.jar:/home/jones/.m2/repository/org/apache/maven/wagon/wagon-provider-api/1.0-beta-2/wagon-provider-api-1.0-beta-2.jar:/home/jones/.m2/repository/org/apache/maven/maven-plugin-registry/2.0.6/maven-plugin-registry-2.0.6.jar:/home/jones/.m2/repository/org/apache/maven/reporting/maven-reporting-api/2.0.6/maven-reporting-api-2.0.6.jar:/home/jones/.m2/repository/org/apache/maven/doxia/doxia-sink-api/1.0-alpha-7/doxia-sink-api-1.0-alpha-7.jar:/home/jones/.m2/repository/org/apache/maven/maven-plugin-descriptor/2.0.6/maven-plugin-descriptor-2.0.6.jar:/home/jones/.m2/repository/org/codehaus/plexus/plexus-container-default/1.0-alpha-9-stable-1/plexus-container-default-1.0-alpha-9-stable-1.jar:/home/jones/.m2/repository/classworlds/classworlds/1.1-alpha-2/classworlds-1.1-alpha-2.jar:/home/jones/.m2/repository/net/sf/jtidy/jtidy/r938/jtidy-r938.jar:/home/jones/.m2/repository/org/eclipse/jetty/jetty-plus/8.1.10.v20130312/jetty-plus-8.1.10.v20130312.jar:/home/jones/.m2/repository/org/eclipse/jetty/orbit/javax.transaction/1.1.1.v201105210645/javax.transaction-1.1.1.v201105210645.jar:/home/jones/.m2/repository/org/eclipse/jetty/jetty-jndi/8.1.10.v20130312/jetty-jndi-8.1.10.v20130312.jar:/home/jones/.m2/repository/org/eclipse/jetty/jetty-server/8.1.10.v20130312/jetty-server-8.1.10.v20130312.jar:/home/jones/.m2/repository/org/eclipse/jetty/orbit/javax.servlet/3.0.0.v201112011016/javax.servlet-3.0.0.v201112011016.jar:/home/jones/.m2/repository/org/eclipse/jetty/jetty-continuation/8.1.10.v20130312/jetty-continuation-8.1.10.v20130312.jar:/home/jones/.m2/repository/org/eclipse/jetty/orbit/javax.mail.glassfish/1.4.1.v201005082020/javax.mail.glassfish-1.4.1.v201005082020.jar:/home/jones/.m2/repository/org/eclipse/jetty/orbit/javax.activation/1.1.0.v201105071233/javax.activation-1.1.0.v201105071233.jar:/home/jones/.m2/repository/org/eclipse/jetty/jetty-jmx/8.1.10.v20130312/jetty-jmx-8.1.10.v20130312.jar:/home/jones/.m2/repository/org/eclipse/jetty/jetty-annotations/8.1.10.v20130312/jetty-annotations-8.1.10.v20130312.jar:/home/jones/.m2/repository/org/eclipse/jetty/orbit/javax.annotation/1.1.0.v201108011116/javax.annotation-1.1.0.v201108011116.jar:/home/jones/.m2/repository/org/eclipse/jetty/orbit/org.objectweb.asm/3.1.0.v200803061910/org.objectweb.asm-3.1.0.v200803061910.jar:/home/jones/.m2/repository/org/eclipse/jetty/jetty-websocket/8.1.10.v20130312/jetty-websocket-8.1.10.v20130312.jar:/home/jones/.m2/repository/org/eclipse/jetty/jetty-io/8.1.10.v20130312/jetty-io-8.1.10.v20130312.jar:/home/jones/.m2/repository/org/eclipse/jetty/jetty-http/8.1.10.v20130312/jetty-http-8.1.10.v20130312.jar:/home/jones/.m2/repository/org/eclipse/jetty/jetty-jsp/8.1.10.v20130312/jetty-jsp-8.1.10.v20130312.jar:/home/jones/.m2/repository/org/eclipse/jetty/orbit/javax.servlet.jsp/2.2.0.v201112011158/javax.servlet.jsp-2.2.0.v201112011158.jar:/home/jones/.m2/repository/org/eclipse/jetty/orbit/org.apache.jasper.glassfish/2.2.2.v201112011158/org.apache.jasper.glassfish-2.2.2.v201112011158.jar:/home/jones/.m2/repository/org/eclipse/jetty/orbit/javax.servlet.jsp.jstl/1.2.0.v201105211821/javax.servlet.jsp.jstl-1.2.0.v201105211821.jar:/home/jones/.m2/repository/org/eclipse/jetty/orbit/org.apache.taglibs.standard.glassfish/1.2.0.v201112081803/org.apache.taglibs.standard.glassfish-1.2.0.v201112081803.jar:/home/jones/.m2/repository/org/eclipse/jetty/orbit/javax.el/2.2.0.v201108011116/javax.el-2.2.0.v201108011116.jar:/home/jones/.m2/repository/org/eclipse/jetty/orbit/com.sun.el/2.2.0.v201108011116/com.sun.el-2.2.0.v201108011116.jar:/home/jones/.m2/repository/org/eclipse/jetty/orbit/org.eclipse.jdt.core/3.7.1/org.eclipse.jdt.core-3.7.1.jar:/home/jones/.m2/repository/junit/junit/3.8.1/junit-3.8.1.jar:/home/jones/.m2/repository/org/geotools/gt-shapefile/2.7-M2/gt-shapefile-2.7-M2.jar:/home/jones/.m2/repository/org/geotools/gt-main/2.7-M2/gt-main-2.7-M2.jar:/home/jones/.m2/repository/org/geotools/gt-api/2.7-M2/gt-api-2.7-M2.jar:/home/jones/.m2/repository/com/vividsolutions/jts/1.11/jts-1.11.jar:/home/jones/.m2/repository/org/geotools/gt-referencing/2.7-M2/gt-referencing-2.7-M2.jar:/home/jones/.m2/repository/java3d/vecmath/1.3.2/vecmath-1.3.2.jar:/home/jones/.m2/repository/commons-pool/commons-pool/1.5.4/commons-pool-1.5.4.jar:/home/jones/.m2/repository/org/geotools/gt-metadata/2.7-M2/gt-metadata-2.7-M2.jar:/home/jones/.m2/repository/org/opengis/geoapi/2.3-M1/geoapi-2.3-M1.jar:/home/jones/.m2/repository/org/opengis/geoapi-pending/2.3-M1/geoapi-pending-2.3-M1.jar:/home/jones/.m2/repository/net/java/dev/jsr-275/jsr-275/1.0-beta-2/jsr-275-1.0-beta-2.jar:/home/jones/.m2/repository/jdom/jdom/1.0/jdom-1.0.jar:/home/jones/.m2/repository/org/geotools/gt-swing/2.7-M2/gt-swing-2.7-M2.jar:/home/jones/.m2/repository/org/geotools/gt-render/2.7-M2/gt-render-2.7-M2.jar:/home/jones/.m2/repository/org/geotools/gt-coverage/2.7-M2/gt-coverage-2.7-M2.jar:/home/jones/.m2/repository/it/geosolutions/imageio-ext/imageio-ext-tiff/1.0.6-1/imageio-ext-tiff-1.0.6-1.jar:/home/jones/.m2/repository/it/geosolutions/imageio-ext/imageio-ext-utilities/1.0.6-1/imageio-ext-utilities-1.0.6-1.jar:/home/jones/.m2/repository/javax/media/jai_core/1.1.3/jai_core-1.1.3.jar:/home/jones/.m2/repository/javax/media/jai_codec/1.1.3/jai_codec-1.1.3.jar:/home/jones/.m2/repository/javax/media/jai_imageio/1.1/jai_imageio-1.1.jar:/home/jones/.m2/repository/org/geotools/gt-cql/2.7-M2/gt-cql-2.7-M2.jar:/home/jones/.m2/repository/org/geotools/gt-wms/2.7-M2/gt-wms-2.7-M2.jar:/home/jones/.m2/repository/org/geotools/gt-xml/2.7-M2/gt-xml-2.7-M2.jar:/home/jones/.m2/repository/com/miglayout/miglayout/3.7/miglayout-3.7-swing.jar:/home/jones/.m2/repository/org/ini4j/ini4j/0.5.1/ini4j-0.5.1.jar:"/>
    <property name="java.vm.specification.version" value="1.7"/>
    <property name="sun.arch.data.model" value="64"/>
    <property name="java.home" value="/usr/lib/jvm/java-7-openjdk-amd64/jre"/>
    <property name="sun.java.command" value="/home/jones/git/lod4wfs/lod4wfs/target/surefire/surefirebooter4677783284221762809.jar /home/jones/git/lod4wfs/lod4wfs/target/surefire/surefire3386733896924197736tmp /home/jones/git/lod4wfs/lod4wfs/target/surefire/surefire2500577401017672610tmp"/>
    <property name="java.specification.vendor" value="Oracle Corporation"/>
    <property name="user.language" value="en"/>
    <property name="awt.toolkit" value="sun.awt.X11.XToolkit"/>
    <property name="java.vm.info" value="mixed mode"/>
    <property name="java.version" value="1.7.0_25"/>
    <property name="java.ext.dirs" value="/usr/lib/jvm/java-7-openjdk-amd64/jre/lib/ext:/usr/java/packages/lib/ext"/>
    <property name="sun.boot.class.path" value="/usr/lib/jvm/java-7-openjdk-amd64/jre/lib/resources.jar:/usr/lib/jvm/java-7-openjdk-amd64/jre/lib/rt.jar:/usr/lib/jvm/java-7-openjdk-amd64/jre/lib/sunrsasign.jar:/usr/lib/jvm/java-7-openjdk-amd64/jre/lib/jsse.jar:/usr/lib/jvm/java-7-openjdk-amd64/jre/lib/jce.jar:/usr/lib/jvm/java-7-openjdk-amd64/jre/lib/charsets.jar:/usr/lib/jvm/java-7-openjdk-amd64/jre/lib/netx.jar:/usr/lib/jvm/java-7-openjdk-amd64/jre/lib/plugin.jar:/usr/lib/jvm/java-7-openjdk-amd64/jre/lib/rhino.jar:/usr/lib/jvm/java-7-openjdk-amd64/jre/lib/jfr.jar:/usr/lib/jvm/java-7-openjdk-amd64/jre/classes"/>
    <property name="java.vendor" value="Oracle Corporation"/>
    <property name="localRepository" value="/home/jones/.m2/repository"/>
    <property name="file.separator" value="/"/>
    <property name="java.vendor.url.bug" value="http://bugreport.sun.com/bugreport/"/>
    <property name="sun.cpu.endian" value="little"/>
    <property name="sun.io.unicode.encoding" value="UnicodeLittle"/>
    <property name="sun.desktop" value="gnome"/>
    <property name="sun.cpu.isalist" value=""/>
  </properties>
</testsuite>